Start testing: Jul 07 10:15 ora legale Europa occidentale
----------------------------------------------------------
1/18 Testing: DESTest.SBox_test
1/18 Test: DESTest.SBox_test
Command: "D:/Programmazione/Misc/DES/build/tests/DES_test.exe" "--gtest_filter=DESTest.SBox_test" "--gtest_also_run_disabled_tests"
Directory: D:/Programmazione/Misc/DES/build/tests
"DESTest.SBox_test" start time: Jul 07 10:15 ora legale Europa occidentale
Output:
----------------------------------------------------------
Running main() from D:\Programmazione\Misc\DES\build\_deps\googletest-src\googletest\src\gtest_main.cc
Note: Google Test filter = DESTest.SBox_test
[==========] Running 1 test from 1 test suite.
[----------] Global test environment set-up.
[----------] 1 test from DESTest
[ RUN      ] DESTest.SBox_test
[       OK ] DESTest.SBox_test (0 ms)
[----------] 1 test from DESTest (0 ms total)

[----------] Global test environment tear-down
[==========] 1 test from 1 test suite ran. (0 ms total)
[  PASSED  ] 1 test.
<end of output>
Test time =   0.01 sec
----------------------------------------------------------
Test Passed.
"DESTest.SBox_test" end time: Jul 07 10:15 ora legale Europa occidentale
"DESTest.SBox_test" time elapsed: 00:00:00
----------------------------------------------------------

2/18 Testing: DESTest.fistel_test
2/18 Test: DESTest.fistel_test
Command: "D:/Programmazione/Misc/DES/build/tests/DES_test.exe" "--gtest_filter=DESTest.fistel_test" "--gtest_also_run_disabled_tests"
Directory: D:/Programmazione/Misc/DES/build/tests
"DESTest.fistel_test" start time: Jul 07 10:15 ora legale Europa occidentale
Output:
----------------------------------------------------------
Running main() from D:\Programmazione\Misc\DES\build\_deps\googletest-src\googletest\src\gtest_main.cc
Note: Google Test filter = DESTest.fistel_test
[==========] Running 1 test from 1 test suite.
[----------] Global test environment set-up.
[----------] 1 test from DESTest
[ RUN      ] DESTest.fistel_test
[       OK ] DESTest.fistel_test (0 ms)
[----------] 1 test from DESTest (0 ms total)

[----------] Global test environment tear-down
[==========] 1 test from 1 test suite ran. (0 ms total)
[  PASSED  ] 1 test.
<end of output>
Test time =   0.01 sec
----------------------------------------------------------
Test Passed.
"DESTest.fistel_test" end time: Jul 07 10:15 ora legale Europa occidentale
"DESTest.fistel_test" time elapsed: 00:00:00
----------------------------------------------------------

3/18 Testing: DESTest.round_test
3/18 Test: DESTest.round_test
Command: "D:/Programmazione/Misc/DES/build/tests/DES_test.exe" "--gtest_filter=DESTest.round_test" "--gtest_also_run_disabled_tests"
Directory: D:/Programmazione/Misc/DES/build/tests
"DESTest.round_test" start time: Jul 07 10:15 ora legale Europa occidentale
Output:
----------------------------------------------------------
Running main() from D:\Programmazione\Misc\DES\build\_deps\googletest-src\googletest\src\gtest_main.cc
Note: Google Test filter = DESTest.round_test
[==========] Running 1 test from 1 test suite.
[----------] Global test environment set-up.
[----------] 1 test from DESTest
[ RUN      ] DESTest.round_test
[       OK ] DESTest.round_test (0 ms)
[----------] 1 test from DESTest (0 ms total)

[----------] Global test environment tear-down
[==========] 1 test from 1 test suite ran. (0 ms total)
[  PASSED  ] 1 test.
<end of output>
Test time =   0.01 sec
----------------------------------------------------------
Test Passed.
"DESTest.round_test" end time: Jul 07 10:15 ora legale Europa occidentale
"DESTest.round_test" time elapsed: 00:00:00
----------------------------------------------------------

4/18 Testing: DESTest.encryptBlock_test
4/18 Test: DESTest.encryptBlock_test
Command: "D:/Programmazione/Misc/DES/build/tests/DES_test.exe" "--gtest_filter=DESTest.encryptBlock_test" "--gtest_also_run_disabled_tests"
Directory: D:/Programmazione/Misc/DES/build/tests
"DESTest.encryptBlock_test" start time: Jul 07 10:15 ora legale Europa occidentale
Output:
----------------------------------------------------------
Running main() from D:\Programmazione\Misc\DES\build\_deps\googletest-src\googletest\src\gtest_main.cc
Note: Google Test filter = DESTest.encryptBlock_test
[==========] Running 1 test from 1 test suite.
[----------] Global test environment set-up.
[----------] 1 test from DESTest
[ RUN      ] DESTest.encryptBlock_test
[       OK ] DESTest.encryptBlock_test (0 ms)
[----------] 1 test from DESTest (0 ms total)

[----------] Global test environment tear-down
[==========] 1 test from 1 test suite ran. (0 ms total)
[  PASSED  ] 1 test.
<end of output>
Test time =   0.01 sec
----------------------------------------------------------
Test Passed.
"DESTest.encryptBlock_test" end time: Jul 07 10:15 ora legale Europa occidentale
"DESTest.encryptBlock_test" time elapsed: 00:00:00
----------------------------------------------------------

5/18 Testing: DESTest.encrypt_test
5/18 Test: DESTest.encrypt_test
Command: "D:/Programmazione/Misc/DES/build/tests/DES_test.exe" "--gtest_filter=DESTest.encrypt_test" "--gtest_also_run_disabled_tests"
Directory: D:/Programmazione/Misc/DES/build/tests
"DESTest.encrypt_test" start time: Jul 07 10:15 ora legale Europa occidentale
Output:
----------------------------------------------------------
Running main() from D:\Programmazione\Misc\DES\build\_deps\googletest-src\googletest\src\gtest_main.cc
Note: Google Test filter = DESTest.encrypt_test
[==========] Running 1 test from 1 test suite.
[----------] Global test environment set-up.
[----------] 1 test from DESTest
[ RUN      ] DESTest.encrypt_test
∞sèv¡≈Ë@Rç5
ˇ2
[       OK ] DESTest.encrypt_test (0 ms)
[----------] 1 test from DESTest (0 ms total)

[----------] Global test environment tear-down
[==========] 1 test from 1 test suite ran. (0 ms total)
[  PASSED  ] 1 test.
<end of output>
Test time =   0.01 sec
----------------------------------------------------------
Test Passed.
"DESTest.encrypt_test" end time: Jul 07 10:15 ora legale Europa occidentale
"DESTest.encrypt_test" time elapsed: 00:00:00
----------------------------------------------------------

6/18 Testing: DESTest.decryptBlock_test
6/18 Test: DESTest.decryptBlock_test
Command: "D:/Programmazione/Misc/DES/build/tests/DES_test.exe" "--gtest_filter=DESTest.decryptBlock_test" "--gtest_also_run_disabled_tests"
Directory: D:/Programmazione/Misc/DES/build/tests
"DESTest.decryptBlock_test" start time: Jul 07 10:15 ora legale Europa occidentale
Output:
----------------------------------------------------------
Running main() from D:\Programmazione\Misc\DES\build\_deps\googletest-src\googletest\src\gtest_main.cc
Note: Google Test filter = DESTest.decryptBlock_test
[==========] Running 1 test from 1 test suite.
[----------] Global test environment set-up.
[----------] 1 test from DESTest
[ RUN      ] DESTest.decryptBlock_test
[       OK ] DESTest.decryptBlock_test (0 ms)
[----------] 1 test from DESTest (0 ms total)

[----------] Global test environment tear-down
[==========] 1 test from 1 test suite ran. (0 ms total)
[  PASSED  ] 1 test.
<end of output>
Test time =   0.01 sec
----------------------------------------------------------
Test Passed.
"DESTest.decryptBlock_test" end time: Jul 07 10:15 ora legale Europa occidentale
"DESTest.decryptBlock_test" time elapsed: 00:00:00
----------------------------------------------------------

7/18 Testing: DESTest.dencrypt_test
7/18 Test: DESTest.dencrypt_test
Command: "D:/Programmazione/Misc/DES/build/tests/DES_test.exe" "--gtest_filter=DESTest.dencrypt_test" "--gtest_also_run_disabled_tests"
Directory: D:/Programmazione/Misc/DES/build/tests
"DESTest.dencrypt_test" start time: Jul 07 10:15 ora legale Europa occidentale
Output:
----------------------------------------------------------
Running main() from D:\Programmazione\Misc\DES\build\_deps\googletest-src\googletest\src\gtest_main.cc
Note: Google Test filter = DESTest.dencrypt_test
[==========] Running 1 test from 1 test suite.
[----------] Global test environment set-up.
[----------] 1 test from DESTest
[ RUN      ] DESTest.dencrypt_test
Hello World
[       OK ] DESTest.dencrypt_test (0 ms)
[----------] 1 test from DESTest (0 ms total)

[----------] Global test environment tear-down
[==========] 1 test from 1 test suite ran. (0 ms total)
[  PASSED  ] 1 test.
<end of output>
Test time =   0.01 sec
----------------------------------------------------------
Test Passed.
"DESTest.dencrypt_test" end time: Jul 07 10:15 ora legale Europa occidentale
"DESTest.dencrypt_test" time elapsed: 00:00:00
----------------------------------------------------------

8/18 Testing: KeyScheduleTest.subkeyGen_test
8/18 Test: KeyScheduleTest.subkeyGen_test
Command: "D:/Programmazione/Misc/DES/build/tests/DES_test.exe" "--gtest_filter=KeyScheduleTest.subkeyGen_test" "--gtest_also_run_disabled_tests"
Directory: D:/Programmazione/Misc/DES/build/tests
"KeyScheduleTest.subkeyGen_test" start time: Jul 07 10:15 ora legale Europa occidentale
Output:
----------------------------------------------------------
Running main() from D:\Programmazione\Misc\DES\build\_deps\googletest-src\googletest\src\gtest_main.cc
Note: Google Test filter = KeyScheduleTest.subkeyGen_test
[==========] Running 1 test from 1 test suite.
[----------] Global test environment set-up.
[----------] 1 test from KeyScheduleTest
[ RUN      ] KeyScheduleTest.subkeyGen_test
Round: 0
Passed
Round: 1
Passed
Round: 2
Passed
Round: 3
Passed
Round: 4
Passed
Round: 5
Passed
Round: 6
Passed
Round: 7
Passed
Round: 8
Passed
Round: 9
Passed
Round: 10
Passed
Round: 11
Passed
Round: 12
Passed
Round: 13
Passed
Round: 14
Passed
Round: 15
Passed
[       OK ] KeyScheduleTest.subkeyGen_test (0 ms)
[----------] 1 test from KeyScheduleTest (0 ms total)

[----------] Global test environment tear-down
[==========] 1 test from 1 test suite ran. (0 ms total)
[  PASSED  ] 1 test.
<end of output>
Test time =   0.01 sec
----------------------------------------------------------
Test Passed.
"KeyScheduleTest.subkeyGen_test" end time: Jul 07 10:15 ora legale Europa occidentale
"KeyScheduleTest.subkeyGen_test" time elapsed: 00:00:00
----------------------------------------------------------

9/18 Testing: readFile_test.correctRead_test
9/18 Test: readFile_test.correctRead_test
Command: "D:/Programmazione/Misc/DES/build/tests/DES_test.exe" "--gtest_filter=readFile_test.correctRead_test" "--gtest_also_run_disabled_tests"
Directory: D:/Programmazione/Misc/DES/build/tests
"readFile_test.correctRead_test" start time: Jul 07 10:15 ora legale Europa occidentale
Output:
----------------------------------------------------------
Running main() from D:\Programmazione\Misc\DES\build\_deps\googletest-src\googletest\src\gtest_main.cc
Note: Google Test filter = readFile_test.correctRead_test
[==========] Running 1 test from 1 test suite.
[----------] Global test environment set-up.
[----------] 1 test from readFile_test
[ RUN      ] readFile_test.correctRead_test
[       OK ] readFile_test.correctRead_test (0 ms)
[----------] 1 test from readFile_test (0 ms total)

[----------] Global test environment tear-down
[==========] 1 test from 1 test suite ran. (0 ms total)
[  PASSED  ] 1 test.
<end of output>
Test time =   0.01 sec
----------------------------------------------------------
Test Passed.
"readFile_test.correctRead_test" end time: Jul 07 10:15 ora legale Europa occidentale
"readFile_test.correctRead_test" time elapsed: 00:00:00
----------------------------------------------------------

10/18 Testing: readFile_test.failedOpen_test
10/18 Test: readFile_test.failedOpen_test
Command: "D:/Programmazione/Misc/DES/build/tests/DES_test.exe" "--gtest_filter=readFile_test.failedOpen_test" "--gtest_also_run_disabled_tests"
Directory: D:/Programmazione/Misc/DES/build/tests
"readFile_test.failedOpen_test" start time: Jul 07 10:15 ora legale Europa occidentale
Output:
----------------------------------------------------------
Running main() from D:\Programmazione\Misc\DES\build\_deps\googletest-src\googletest\src\gtest_main.cc
Note: Google Test filter = readFile_test.failedOpen_test
[==========] Running 1 test from 1 test suite.
[----------] Global test environment set-up.
[----------] 1 test from readFile_test
[ RUN      ] readFile_test.failedOpen_test
[       OK ] readFile_test.failedOpen_test (0 ms)
[----------] 1 test from readFile_test (0 ms total)

[----------] Global test environment tear-down
[==========] 1 test from 1 test suite ran. (0 ms total)
[  PASSED  ] 1 test.
<end of output>
Test time =   0.01 sec
----------------------------------------------------------
Test Passed.
"readFile_test.failedOpen_test" end time: Jul 07 10:15 ora legale Europa occidentale
"readFile_test.failedOpen_test" time elapsed: 00:00:00
----------------------------------------------------------

11/18 Testing: padding_test.genPadding_test
11/18 Test: padding_test.genPadding_test
Command: "D:/Programmazione/Misc/DES/build/tests/DES_test.exe" "--gtest_filter=padding_test.genPadding_test" "--gtest_also_run_disabled_tests"
Directory: D:/Programmazione/Misc/DES/build/tests
"padding_test.genPadding_test" start time: Jul 07 10:15 ora legale Europa occidentale
Output:
----------------------------------------------------------
Running main() from D:\Programmazione\Misc\DES\build\_deps\googletest-src\googletest\src\gtest_main.cc
Note: Google Test filter = padding_test.genPadding_test
[==========] Running 1 test from 1 test suite.
[----------] Global test environment set-up.
[----------] 1 test from padding_test
[ RUN      ] padding_test.genPadding_test
[       OK ] padding_test.genPadding_test (0 ms)
[----------] 1 test from padding_test (0 ms total)

[----------] Global test environment tear-down
[==========] 1 test from 1 test suite ran. (0 ms total)
[  PASSED  ] 1 test.
<end of output>
Test time =   0.01 sec
----------------------------------------------------------
Test Passed.
"padding_test.genPadding_test" end time: Jul 07 10:15 ora legale Europa occidentale
"padding_test.genPadding_test" time elapsed: 00:00:00
----------------------------------------------------------

12/18 Testing: padding_test.removePadding_test
12/18 Test: padding_test.removePadding_test
Command: "D:/Programmazione/Misc/DES/build/tests/DES_test.exe" "--gtest_filter=padding_test.removePadding_test" "--gtest_also_run_disabled_tests"
Directory: D:/Programmazione/Misc/DES/build/tests
"padding_test.removePadding_test" start time: Jul 07 10:15 ora legale Europa occidentale
Output:
----------------------------------------------------------
Running main() from D:\Programmazione\Misc\DES\build\_deps\googletest-src\googletest\src\gtest_main.cc
Note: Google Test filter = padding_test.removePadding_test
[==========] Running 1 test from 1 test suite.
[----------] Global test environment set-up.
[----------] 1 test from padding_test
[ RUN      ] padding_test.removePadding_test
[       OK ] padding_test.removePadding_test (0 ms)
[----------] 1 test from padding_test (0 ms total)

[----------] Global test environment tear-down
[==========] 1 test from 1 test suite ran. (0 ms total)
[  PASSED  ] 1 test.
<end of output>
Test time =   0.01 sec
----------------------------------------------------------
Test Passed.
"padding_test.removePadding_test" end time: Jul 07 10:15 ora legale Europa occidentale
"padding_test.removePadding_test" time elapsed: 00:00:00
----------------------------------------------------------

13/18 Testing: bitsetOp_test.strToBitset_test
13/18 Test: bitsetOp_test.strToBitset_test
Command: "D:/Programmazione/Misc/DES/build/tests/DES_test.exe" "--gtest_filter=bitsetOp_test.strToBitset_test" "--gtest_also_run_disabled_tests"
Directory: D:/Programmazione/Misc/DES/build/tests
"bitsetOp_test.strToBitset_test" start time: Jul 07 10:15 ora legale Europa occidentale
Output:
----------------------------------------------------------
Running main() from D:\Programmazione\Misc\DES\build\_deps\googletest-src\googletest\src\gtest_main.cc
Note: Google Test filter = bitsetOp_test.strToBitset_test
[==========] Running 1 test from 1 test suite.
[----------] Global test environment set-up.
[----------] 1 test from bitsetOp_test
[ RUN      ] bitsetOp_test.strToBitset_test
[       OK ] bitsetOp_test.strToBitset_test (0 ms)
[----------] 1 test from bitsetOp_test (0 ms total)

[----------] Global test environment tear-down
[==========] 1 test from 1 test suite ran. (0 ms total)
[  PASSED  ] 1 test.
<end of output>
Test time =   0.01 sec
----------------------------------------------------------
Test Passed.
"bitsetOp_test.strToBitset_test" end time: Jul 07 10:15 ora legale Europa occidentale
"bitsetOp_test.strToBitset_test" time elapsed: 00:00:00
----------------------------------------------------------

14/18 Testing: bitsetOp_test.bitsetToStr_test
14/18 Test: bitsetOp_test.bitsetToStr_test
Command: "D:/Programmazione/Misc/DES/build/tests/DES_test.exe" "--gtest_filter=bitsetOp_test.bitsetToStr_test" "--gtest_also_run_disabled_tests"
Directory: D:/Programmazione/Misc/DES/build/tests
"bitsetOp_test.bitsetToStr_test" start time: Jul 07 10:15 ora legale Europa occidentale
Output:
----------------------------------------------------------
Running main() from D:\Programmazione\Misc\DES\build\_deps\googletest-src\googletest\src\gtest_main.cc
Note: Google Test filter = bitsetOp_test.bitsetToStr_test
[==========] Running 1 test from 1 test suite.
[----------] Global test environment set-up.
[----------] 1 test from bitsetOp_test
[ RUN      ] bitsetOp_test.bitsetToStr_test
[       OK ] bitsetOp_test.bitsetToStr_test (0 ms)
[----------] 1 test from bitsetOp_test (0 ms total)

[----------] Global test environment tear-down
[==========] 1 test from 1 test suite ran. (0 ms total)
[  PASSED  ] 1 test.
<end of output>
Test time =   0.01 sec
----------------------------------------------------------
Test Passed.
"bitsetOp_test.bitsetToStr_test" end time: Jul 07 10:15 ora legale Europa occidentale
"bitsetOp_test.bitsetToStr_test" time elapsed: 00:00:00
----------------------------------------------------------

15/18 Testing: bitsetOp_test.copy_test
15/18 Test: bitsetOp_test.copy_test
Command: "D:/Programmazione/Misc/DES/build/tests/DES_test.exe" "--gtest_filter=bitsetOp_test.copy_test" "--gtest_also_run_disabled_tests"
Directory: D:/Programmazione/Misc/DES/build/tests
"bitsetOp_test.copy_test" start time: Jul 07 10:15 ora legale Europa occidentale
Output:
----------------------------------------------------------
Running main() from D:\Programmazione\Misc\DES\build\_deps\googletest-src\googletest\src\gtest_main.cc
Note: Google Test filter = bitsetOp_test.copy_test
[==========] Running 1 test from 1 test suite.
[----------] Global test environment set-up.
[----------] 1 test from bitsetOp_test
[ RUN      ] bitsetOp_test.copy_test
[       OK ] bitsetOp_test.copy_test (0 ms)
[----------] 1 test from bitsetOp_test (0 ms total)

[----------] Global test environment tear-down
[==========] 1 test from 1 test suite ran. (0 ms total)
[  PASSED  ] 1 test.
<end of output>
Test time =   0.01 sec
----------------------------------------------------------
Test Passed.
"bitsetOp_test.copy_test" end time: Jul 07 10:15 ora legale Europa occidentale
"bitsetOp_test.copy_test" time elapsed: 00:00:00
----------------------------------------------------------

16/18 Testing: bitsetOp_test.concat_test
16/18 Test: bitsetOp_test.concat_test
Command: "D:/Programmazione/Misc/DES/build/tests/DES_test.exe" "--gtest_filter=bitsetOp_test.concat_test" "--gtest_also_run_disabled_tests"
Directory: D:/Programmazione/Misc/DES/build/tests
"bitsetOp_test.concat_test" start time: Jul 07 10:15 ora legale Europa occidentale
Output:
----------------------------------------------------------
Running main() from D:\Programmazione\Misc\DES\build\_deps\googletest-src\googletest\src\gtest_main.cc
Note: Google Test filter = bitsetOp_test.concat_test
[==========] Running 1 test from 1 test suite.
[----------] Global test environment set-up.
[----------] 1 test from bitsetOp_test
[ RUN      ] bitsetOp_test.concat_test
[       OK ] bitsetOp_test.concat_test (0 ms)
[----------] 1 test from bitsetOp_test (0 ms total)

[----------] Global test environment tear-down
[==========] 1 test from 1 test suite ran. (0 ms total)
[  PASSED  ] 1 test.
<end of output>
Test time =   0.01 sec
----------------------------------------------------------
Test Passed.
"bitsetOp_test.concat_test" end time: Jul 07 10:15 ora legale Europa occidentale
"bitsetOp_test.concat_test" time elapsed: 00:00:00
----------------------------------------------------------

17/18 Testing: bitsetOp_test.permutation_test
17/18 Test: bitsetOp_test.permutation_test
Command: "D:/Programmazione/Misc/DES/build/tests/DES_test.exe" "--gtest_filter=bitsetOp_test.permutation_test" "--gtest_also_run_disabled_tests"
Directory: D:/Programmazione/Misc/DES/build/tests
"bitsetOp_test.permutation_test" start time: Jul 07 10:15 ora legale Europa occidentale
Output:
----------------------------------------------------------
Running main() from D:\Programmazione\Misc\DES\build\_deps\googletest-src\googletest\src\gtest_main.cc
Note: Google Test filter = bitsetOp_test.permutation_test
[==========] Running 1 test from 1 test suite.
[----------] Global test environment set-up.
[----------] 1 test from bitsetOp_test
[ RUN      ] bitsetOp_test.permutation_test
[       OK ] bitsetOp_test.permutation_test (0 ms)
[----------] 1 test from bitsetOp_test (0 ms total)

[----------] Global test environment tear-down
[==========] 1 test from 1 test suite ran. (0 ms total)
[  PASSED  ] 1 test.
<end of output>
Test time =   0.01 sec
----------------------------------------------------------
Test Passed.
"bitsetOp_test.permutation_test" end time: Jul 07 10:15 ora legale Europa occidentale
"bitsetOp_test.permutation_test" time elapsed: 00:00:00
----------------------------------------------------------

18/18 Testing: bitsetOp_test.circularLeftShift_test
18/18 Test: bitsetOp_test.circularLeftShift_test
Command: "D:/Programmazione/Misc/DES/build/tests/DES_test.exe" "--gtest_filter=bitsetOp_test.circularLeftShift_test" "--gtest_also_run_disabled_tests"
Directory: D:/Programmazione/Misc/DES/build/tests
"bitsetOp_test.circularLeftShift_test" start time: Jul 07 10:15 ora legale Europa occidentale
Output:
----------------------------------------------------------
Running main() from D:\Programmazione\Misc\DES\build\_deps\googletest-src\googletest\src\gtest_main.cc
Note: Google Test filter = bitsetOp_test.circularLeftShift_test
[==========] Running 1 test from 1 test suite.
[----------] Global test environment set-up.
[----------] 1 test from bitsetOp_test
[ RUN      ] bitsetOp_test.circularLeftShift_test
[       OK ] bitsetOp_test.circularLeftShift_test (0 ms)
[----------] 1 test from bitsetOp_test (0 ms total)

[----------] Global test environment tear-down
[==========] 1 test from 1 test suite ran. (0 ms total)
[  PASSED  ] 1 test.
<end of output>
Test time =   0.01 sec
----------------------------------------------------------
Test Passed.
"bitsetOp_test.circularLeftShift_test" end time: Jul 07 10:15 ora legale Europa occidentale
"bitsetOp_test.circularLeftShift_test" time elapsed: 00:00:00
----------------------------------------------------------

End testing: Jul 07 10:15 ora legale Europa occidentale
